"../../../Engine/Content/Functions/Engine_MaterialFunctions02/ExampleContent/Textures/flipbook.uasset" 0
"../../../Engine/Content/Functions/Engine_MaterialFunctions02/Texturing/FlipBook.uasset" 1
"../../../../../../Users/Kristoffer/Documents/Unreal Projects/Meshworld/Content/Assets/Misc/Materials/RippleFlipbook.uasset" 2
"../../../../../../Users/Kristoffer/Documents/Unreal Projects/Meshworld/Content/Assets/Misc/Materials/WaterRipples.uasset" 3
"../../../../../../Users/Kristoffer/Documents/Unreal Projects/Meshworld/Content/Assets/Player/PlayerCharacter/Materials/001_-_scarf.uasset" 4
"../../../../../../Users/Kristoffer/Documents/Unreal Projects/Meshworld/Content/Assets/Player/PlayerCharacter/Materials/001_-_teeh.uasset" 5
"../../../../../../Users/Kristoffer/Documents/Unreal Projects/Meshworld/Content/Assets/Player/PlayerCharacter/Materials/Black.uasset" 6
"../../../../../../Users/Kristoffer/Documents/Unreal Projects/Meshworld/Content/Assets/Player/PlayerCharacter/Materials/Book_cover.uasset" 7
"../../../../../../Users/Kristoffer/Documents/Unreal Projects/Meshworld/Content/Assets/Player/PlayerCharacter/Materials/Book_pages.uasset" 8
"../../../../../../Users/Kristoffer/Documents/Unreal Projects/Meshworld/Content/Assets/Player/PlayerCharacter/Materials/brows.uasset" 9
"../../../../../../Users/Kristoffer/Documents/Unreal Projects/Meshworld/Content/Assets/Player/PlayerCharacter/Materials/eyeball.uasset" 10
"../../../../../../Users/Kristoffer/Documents/Unreal Projects/Meshworld/Content/Assets/Player/PlayerCharacter/Materials/eye_blue.uasset" 11
"../../../../../../Users/Kristoffer/Documents/Unreal Projects/Meshworld/Content/Assets/Player/PlayerCharacter/Materials/guitar_knob.uasset" 12
"../../../../../../Users/Kristoffer/Documents/Unreal Projects/Meshworld/Content/Assets/Player/PlayerCharacter/Materials/guitar_metal.uasset" 13
"../../../../../../Users/Kristoffer/Documents/Unreal Projects/Meshworld/Content/Assets/Player/PlayerCharacter/Materials/hair.uasset" 14
"../../../../../../Users/Kristoffer/Documents/Unreal Projects/Meshworld/Content/Assets/Player/PlayerCharacter/Materials/main_top.uasset" 15
"../../../../../../Users/Kristoffer/Documents/Unreal Projects/Meshworld/Content/Assets/Player/PlayerCharacter/Materials/pants.uasset" 16
"../../../../../../Users/Kristoffer/Documents/Unreal Projects/Meshworld/Content/Assets/Player/PlayerCharacter/Materials/red_leather.uasset" 17
"../../../../../../Users/Kristoffer/Documents/Unreal Projects/Meshworld/Content/Assets/Player/PlayerCharacter/Materials/scarf.uasset" 18
"../../../../../../Users/Kristoffer/Documents/Unreal Projects/Meshworld/Content/Assets/Player/PlayerCharacter/Materials/shoes.uasset" 19
"../../../../../../Users/Kristoffer/Documents/Unreal Projects/Meshworld/Content/Assets/Player/PlayerCharacter/Materials/skin.uasset" 20
"../../../../../../Users/Kristoffer/Documents/Unreal Projects/Meshworld/Content/Assets/Player/PlayerCharacter/Materials/sword_metal.uasset" 21
"../../../../../../Users/Kristoffer/Documents/Unreal Projects/Meshworld/Content/Assets/Player/PlayerCharacter/Materials/Sword_moss.uasset" 22
"../../../../../../Users/Kristoffer/Documents/Unreal Projects/Meshworld/Content/Assets/Player/PlayerCharacter/Materials/sword_Moss_ncl1_1.uasset" 23
"../../../../../../Users/Kristoffer/Documents/Unreal Projects/Meshworld/Content/Assets/Player/PlayerCharacter/Materials/sword_wood.uasset" 24
"../../../../../../Users/Kristoffer/Documents/Unreal Projects/Meshworld/Content/Assets/Player/PlayerCharacter/Materials/tannkjott.uasset" 25
"../../../../../../Users/Kristoffer/Documents/Unreal Projects/Meshworld/Content/Assets/Player/PlayerCharacter/Materials/teeh.uasset" 26
"../../../Engine/Content/Functions/Engine_MaterialFunctions01/Density/ExponentialDensity.uasset" 27
"../../../Engine/Content/Functions/Engine_MaterialFunctions01/Gradient/RadialGradientExponential.uasset" 28
"../../../../../../Users/Kristoffer/Documents/Unreal Projects/Meshworld/Content/Assets/Player/UI/M_Cursor_Decal.uasset" 29
"../../../../../../Users/Kristoffer/Documents/Unreal Projects/Meshworld/Content/Assets/Scenes/Level_1_UpperWorld/Materials/ConcreteFloor.uasset" 30
"../../../../../../Users/Kristoffer/Documents/Unreal Projects/Meshworld/Content/Assets/Scenes/Level_1_UpperWorld/Materials/tex/ConcreteWall_diffuse.uasset" 31
"../../../../../../Users/Kristoffer/Documents/Unreal Projects/Meshworld/Content/Assets/Scenes/Level_1_UpperWorld/Materials/tex/ConcreteWall_normal.uasset" 32
"../../../../../../Users/Kristoffer/Documents/Unreal Projects/Meshworld/Content/Assets/Scenes/Level_1_UpperWorld/Materials/ConcreteWall.uasset" 33
"../../../../../../Users/Kristoffer/Documents/Unreal Projects/Meshworld/Content/Assets/Scenes/Level_1_UpperWorld/Materials/ConcreteWall_diffuse.uasset" 34
"../../../../../../Users/Kristoffer/Documents/Unreal Projects/Meshworld/Content/Assets/Scenes/Level_1_UpperWorld/Materials/tex/RustedPanels.uasset" 35
"../../../../../../Users/Kristoffer/Documents/Unreal Projects/Meshworld/Content/Assets/Scenes/Level_1_UpperWorld/Materials/IronPlateFloor.uasset" 36
"../../../../../../Users/Kristoffer/Documents/Unreal Projects/Meshworld/Content/Assets/Scenes/Level_1_UpperWorld/Materials/tex/IronTrimA.uasset" 37
"../../../../../../Users/Kristoffer/Documents/Unreal Projects/Meshworld/Content/Assets/Scenes/Level_1_UpperWorld/Materials/IronTrimA.uasset" 38
"../../../../../../Users/Kristoffer/Documents/Unreal Projects/Meshworld/Content/Assets/Scenes/Level_1_UpperWorld/Materials/tex/Cables_ao.uasset" 39
"../../../../../../Users/Kristoffer/Documents/Unreal Projects/Meshworld/Content/Assets/Scenes/Level_1_UpperWorld/Materials/tex/Cables_diffuse.uasset" 40
"../../../../../../Users/Kristoffer/Documents/Unreal Projects/Meshworld/Content/Assets/Scenes/Level_1_UpperWorld/Materials/tex/SewagePipe_normall.uasset" 41
"../../../../../../Users/Kristoffer/Documents/Unreal Projects/Meshworld/Content/Assets/Scenes/Level_1_UpperWorld/Materials/MachineRoomCables_2.uasset" 42
"../../../Engine/Content/Functions/Engine_MaterialFunctions01/Opacity/CameraDepthFade.uasset" 43
"../../../Engine/Content/EngineMaterials/T_Default_Material_Grid_M.uasset" 44
"../../../Engine/Content/EngineMaterials/T_Default_Material_Grid_N.uasset" 45
"../../../../../../Users/Kristoffer/Documents/Unreal Projects/Meshworld/Content/Assets/Scenes/Level_1_UpperWorld/Materials/TestMaterial.uasset" 46
"../../../../../../Users/Kristoffer/Documents/Unreal Projects/Meshworld/Content/Assets/Scenes/Level_1_UpperWorld/Materials/tex/ConcreteFloor.uasset" 47
"../../../../../../Users/Kristoffer/Documents/Unreal Projects/Meshworld/Content/Assets/Scenes/Level_1_UpperWorld/Materials/tex/ConcreteFloor_VariationMossy.uasset" 48
"../../../../../../Users/Kristoffer/Documents/Unreal Projects/Meshworld/Content/Assets/Scenes/Level_1_UpperWorld/Materials/tex/TiledConcrete_diffuse.uasset" 49
"../../../../../../Users/Kristoffer/Documents/Unreal Projects/Meshworld/Content/Assets/Scenes/Level_1_UpperWorld/Materials/tex/TiledConcrete_normal.uasset" 50
"../../../../../../Users/Kristoffer/Documents/Unreal Projects/Meshworld/Content/Assets/Scenes/Level_1_UpperWorld/Materials/TiledConcrete.uasset" 51
"../../../../../../Users/Kristoffer/Documents/Unreal Projects/Meshworld/Content/Assets/Scenes/Level_1_UpperWorld/Materials/tex/TiledConcreteTransi_normal.uasset" 52
"../../../../../../Users/Kristoffer/Documents/Unreal Projects/Meshworld/Content/Assets/Scenes/Level_1_UpperWorld/Materials/TiledConcreteTransi_diffuse.uasset" 53
"../../../../../../Users/Kristoffer/Documents/Unreal Projects/Meshworld/Content/Assets/Scenes/Level_1_UpperWorld/Materials/TIledConcreteTransi.uasset" 54
"../../../../../../Users/Kristoffer/Documents/Unreal Projects/Meshworld/Content/Assets/Scenes/Level_1_UpperWorld/Materials/tex/Concretewall_color.uasset" 55
"../../../../../../Users/Kristoffer/Documents/Unreal Projects/Meshworld/Content/Assets/Scenes/Level_1_UpperWorld/Materials/tex/Concretewall_nrm.uasset" 56
"../../../../../../Users/Kristoffer/Documents/Unreal Projects/Meshworld/Content/Assets/Scenes/Level_1_UpperWorld/Materials/Wall_Material.uasset" 57
"../../../../../../Users/Kristoffer/Documents/Unreal Projects/Meshworld/Content/Assets/Scenes/Level_1_UpperWorld/Materials/tex/Chains_ao.uasset" 58
"../../../../../../Users/Kristoffer/Documents/Unreal Projects/Meshworld/Content/Assets/Scenes/Level_1_UpperWorld/Materials/tex/GrayboxTiles_normal.uasset" 59
"../../../../../../Users/Kristoffer/Documents/Unreal Projects/Meshworld/Content/Assets/Scenes/Level_1_UpperWorld/Materials/tex/GrayboxTiles_normal1.uasset" 60
"../../../../../../Users/Kristoffer/Documents/Unreal Projects/Meshworld/Content/Assets/Scenes/Level_1_UpperWorld/Materials/tex/GrayboxYellow_diffuse.uasset" 61
"../../../../../../Users/Kristoffer/Documents/Unreal Projects/Meshworld/Content/Assets/Scenes/Level_1_UpperWorld/Materials/tex/IronPlateFloor_normal.uasset" 62
"../../../../../../Users/Kristoffer/Documents/Unreal Projects/Meshworld/Content/Assets/Scenes/Level_1_UpperWorld/Materials/tex/IronTrimA_roughness.uasset" 63
"../../../../../../Users/Kristoffer/Documents/Unreal Projects/Meshworld/Content/Assets/Scenes/Level_1_UpperWorld/Materials/tex/Lily_A.uasset" 64
"../../../../../../Users/Kristoffer/Documents/Unreal Projects/Meshworld/Content/Assets/Scenes/Level_1_UpperWorld/Materials/tex/Lily_B.uasset" 65
"../../../../../../Users/Kristoffer/Documents/Unreal Projects/Meshworld/Content/Assets/Scenes/Level_1_UpperWorld/Materials/tex/Lily_C.uasset" 66
"../../../../../../Users/Kristoffer/Documents/Unreal Projects/Meshworld/Content/Assets/Scenes/Level_1_UpperWorld/Materials/tex/TiledConcreteTransi_diffuse.uasset" 67
"../../../../../../Users/Kristoffer/Documents/Unreal Projects/Meshworld/Content/Assets/Scenes/Level_1_UpperWorld/Materials/tex/WallMountedBox.uasset" 68
"../../../../../../Users/Kristoffer/Documents/Unreal Projects/Meshworld/Content/Assets/Scenes/Level_1_UpperWorld/Materials/tex/WallMountedBox_A.uasset" 69
"../../../../../../Users/Kristoffer/Documents/Unreal Projects/Meshworld/Content/Assets/Scenes/Level_1_UpperWorld/Materials/tex/WallMountedBox_B.uasset" 70
"../../../../../../Users/Kristoffer/Documents/Unreal Projects/Meshworld/Content/Assets/Scenes/Level_1_UpperWorld/Misc/Water_UpperWorld.uasset" 71
"../../../../../../Users/Kristoffer/Documents/Unreal Projects/Meshworld/Content/Assets/Scenes/Level_1_UpperWorld/Misc/Water_UpperWorld_inst_Deep.uasset" 72
"../../../Engine/Content/EngineMaterials/WorldGridMaterial.uasset" 73
"../../../../../../Users/Kristoffer/Documents/Unreal Projects/Meshworld/Content/Assets/Scenes/Level_1_UpperWorld/Props/Fan_v2_Blade.uasset" 74
"../../../../../../Users/Kristoffer/Documents/Unreal Projects/Meshworld/Content/Assets/Scenes/Level_1_UpperWorld/Props/Machine_room_assets.uasset" 75
"../../../../../../Users/Kristoffer/Documents/Unreal Projects/Meshworld/Content/Assets/Scenes/Level_1_UpperWorld/Props/SupportColumn.uasset" 76
"../../../../../../Users/Kristoffer/Documents/Unreal Projects/Meshworld/Content/Assets/Scenes/Level_1_UpperWorld/Props/Sword_display.uasset" 77
"../../../../../../Users/Kristoffer/Documents/Unreal Projects/Meshworld/Content/Assets/Scenes/Level_1_UpperWorld/Props/General/Materials/Diffuse_mat.uasset" 78
"../../../../../../Users/Kristoffer/Documents/Unreal Projects/Meshworld/Content/Assets/Scenes/Level_1_UpperWorld/Props/General/Materials/Images/WallMountedBox.uasset" 79
"../../../../../../Users/Kristoffer/Documents/Unreal Projects/Meshworld/Content/Assets/Scenes/Level_1_UpperWorld/Props/General/Materials/WallBoxA_mat.uasset" 80
"../../../../../../Users/Kristoffer/Documents/Unreal Projects/Meshworld/Content/Assets/Scenes/Level_1_UpperWorld/Props/General/WallBox_A.uasset" 81
"../../../../../../Users/Kristoffer/Documents/Unreal Projects/Meshworld/Content/Assets/Scenes/Level_1_UpperWorld/Props/General/Materials/Images/WallMountedBox_A.uasset" 82
"../../../../../../Users/Kristoffer/Documents/Unreal Projects/Meshworld/Content/Assets/Scenes/Level_1_UpperWorld/Props/General/Materials/WallBoxB_mat.uasset" 83
"../../../../../../Users/Kristoffer/Documents/Unreal Projects/Meshworld/Content/Assets/Scenes/Level_1_UpperWorld/Props/General/WallBox_B.uasset" 84
"../../../../../../Users/Kristoffer/Documents/Unreal Projects/Meshworld/Content/Assets/Scenes/Level_1_UpperWorld/Props/General/Materials/Images/WallMountedBox_B.uasset" 85
"../../../../../../Users/Kristoffer/Documents/Unreal Projects/Meshworld/Content/Assets/Scenes/Level_1_UpperWorld/Props/General/Materials/WallBoxC_mat.uasset" 86
"../../../../../../Users/Kristoffer/Documents/Unreal Projects/Meshworld/Content/Assets/Scenes/Level_1_UpperWorld/Props/General/WallBox_C.uasset" 87
"../../../../../../Users/Kristoffer/Documents/Unreal Projects/Meshworld/Content/Assets/Scenes/Level_1_UpperWorld/Props/General/Materials/Images/Lily_A.uasset" 88
"../../../../../../Users/Kristoffer/Documents/Unreal Projects/Meshworld/Content/Assets/Scenes/Level_1_UpperWorld/Props/General/Materials/DiffuseOnly_mat.uasset" 89
"../../../../../../Users/Kristoffer/Documents/Unreal Projects/Meshworld/Content/Assets/Scenes/Level_1_UpperWorld/Rooms/Extra/ComputerRoom_chains_ComputerRoom_Chains.uasset" 90
"../../../../../../Users/Kristoffer/Documents/Unreal Projects/Meshworld/Content/Assets/Scenes/Level_1_UpperWorld/Rooms/Extra/ComputerRoom_Ramp_ComputerRoom_Ramp.uasset" 91
"../../../../../../Users/Kristoffer/Documents/Unreal Projects/Meshworld/Content/Assets/Scenes/Level_2_SinkingWorld/Materials/DiffuseNormalTemplate.uasset" 92
"../../../../../../Users/Kristoffer/Documents/Unreal Projects/Meshworld/Content/Assets/Scenes/Level_2_SinkingWorld/Materials/Textures/Concrete_color.uasset" 93
"../../../../../../Users/Kristoffer/Documents/Unreal Projects/Meshworld/Content/Assets/Scenes/Level_2_SinkingWorld/Materials/Textures/Concrete_normal.uasset" 94
"../../../../../../Users/Kristoffer/Documents/Unreal Projects/Meshworld/Content/Assets/Scenes/Level_2_SinkingWorld/Materials/Concrete.uasset" 95
"../../../../../../Users/Kristoffer/Documents/Unreal Projects/Meshworld/Content/Assets/Scenes/Level_2_SinkingWorld/Materials/Textures/Rails_color.uasset" 96
"../../../../../../Users/Kristoffer/Documents/Unreal Projects/Meshworld/Content/Assets/Scenes/Level_2_SinkingWorld/Materials/Textures/Rails_normal.uasset" 97
"../../../../../../Users/Kristoffer/Documents/Unreal Projects/Meshworld/Content/Assets/Scenes/Level_2_SinkingWorld/Materials/RailsRusted.uasset" 98
"../../../../../../Users/Kristoffer/Documents/Unreal Projects/Meshworld/Content/Assets/Scenes/Level_2_SinkingWorld/Materials/Textures/Rubbe_color.uasset" 99
"../../../../../../Users/Kristoffer/Documents/Unreal Projects/Meshworld/Content/Assets/Scenes/Level_2_SinkingWorld/Materials/Textures/Rubbe_normal.uasset" 100
"../../../../../../Users/Kristoffer/Documents/Unreal Projects/Meshworld/Content/Assets/Scenes/Level_2_SinkingWorld/Materials/Rubble.uasset" 101
"../../../../../../Users/Kristoffer/Documents/Unreal Projects/Meshworld/Content/Assets/Scenes/Level_2_SinkingWorld/Materials/Water_UpperWorld.uasset" 102
"../../../Engine/Content/BasicShapes/BasicShapeMaterial.uasset" 103
"../../../Engine/Content/BasicShapes/Cube.uasset" 104
"../../../../../../Users/Kristoffer/Documents/Unreal Projects/Meshworld/Content/Spawnables/Door.uasset" 105
"../../../../../../Users/Kristoffer/Documents/Unreal Projects/Meshworld/Content/Assets/Scenes/Level_1_UpperWorld/Props/Fan_v2_Rotor.uasset" 106
"../../../../../../Users/Kristoffer/Documents/Unreal Projects/Meshworld/Content/Spawnables/LevelMechanics/RotatingRotor.uasset" 107
"../../../../../../Users/Kristoffer/Documents/Unreal Projects/Meshworld/Content/Spawnables/LevelMechanics/steam_atlas.uasset" 108
"../../../../../../Users/Kristoffer/Documents/Unreal Projects/Meshworld/Content/Spawnables/LevelMechanics/WaterRipples.uasset" 109
"../../../../../../Users/Kristoffer/Documents/Unreal Projects/Meshworld/Content/Assets/Creatures/Stalker/Stalker_PhysicsAsset.uasset" 110
"../../../../../../Users/Kristoffer/Documents/Unreal Projects/Meshworld/Content/Assets/Creatures/Stalker/Stalker_Skeleton.uasset" 111
"../../../../../../Users/Kristoffer/Documents/Unreal Projects/Meshworld/Content/Assets/Creatures/Stalker/Stalker.uasset" 112
"../../../../../../Users/Kristoffer/Documents/Unreal Projects/Meshworld/Content/Spawnables/Units/Prototype/MyBP_EnemyChaser.uasset" 113
"../../../Engine/Content/ArtTools/RenderToTexture/Meshes/S_1_Unit_Plane.uasset" 114
"../../../Engine/Content/EngineMaterials/DefaultMaterial.uasset" 115
"../../../Engine/Content/BasicShapes/Cone.uasset" 116
"../../../Engine/Content/EditorLandscapeResources/DataLayer.uasset" 117
"../../../Engine/Content/EditorMaterials/GizmoMaterial.uasset" 118
"../../../Engine/Content/EditorMaterials/MAT_Groups_Toggle.uasset" 119
"../../../Engine/Content/EditorMaterials/MAT_Groups_Visibility.uasset" 120
"../../../Engine/Content/EditorMaterials/PreviewShadowIndicator.uasset" 121
"../../../Engine/Content/EditorMaterials/PreviewShadowIndicatorMaterial.uasset" 122
"../../../Engine/Content/EditorMaterials/MatineeGroups/MAT_ColorTrack.uasset" 123
"../../../Engine/Content/EditorMaterials/MatineeGroups/MAT_Groups_Anim.uasset" 124
"../../../Engine/Content/EditorMaterials/MatineeGroups/MAT_Groups_AudioMaster.uasset" 125
"../../../Engine/Content/EditorMaterials/MatineeGroups/MAT_Groups_Director.uasset" 126
"../../../Engine/Content/EditorMaterials/MatineeGroups/MAT_Groups_Event.uasset" 127
"../../../Engine/Content/EditorMaterials/MatineeGroups/MAT_Groups_Fade.uasset" 128
"../../../Engine/Content/EditorMaterials/MatineeGroups/MAT_Groups_Float.uasset" 129
"../../../Engine/Content/EditorMaterials/MatineeGroups/MAT_Groups_Move.uasset" 130
"../../../Engine/Content/EditorMaterials/MatineeGroups/MAT_Groups_Slomo.uasset" 131
"../../../Engine/Content/EditorMaterials/MatineeGroups/MAT_Groups_Sound.uasset" 132
"../../../Engine/Content/EditorMaterials/MatineeGroups/MAT_Groups_Vector.uasset" 133
"../../../Engine/Content/EditorMaterials/ParticleSystems/PSysThumbnail_NoImage.uasset" 134
"../../../Engine/Content/EditorMaterials/ParticleSystems/PSysThumbnail_OOD.uasset" 135
"../../../Engine/Content/EditorMaterials/Camera/CineMat.uasset" 136
"../../../Engine/Content/EditorMaterials/Camera/MI_CineMat_Rig.uasset" 137
"../../../Engine/Content/EditorMeshes/Camera/SM_CraneRig_Arm.uasset" 138
"../../../Engine/Content/EditorMeshes/Camera/SM_CraneRig_Base.uasset" 139
"../../../Engine/Content/EditorMeshes/Camera/SM_CraneRig_Body.uasset" 140
"../../../Engine/Content/EditorMeshes/Camera/SM_CraneRig_Mount.uasset" 141
"../../../Engine/Content/EditorMeshes/Camera/SM_RailRig_Mount.uasset" 142
"../../../Engine/Content/EditorMeshes/Camera/SM_RailRig_Track.uasset" 143
"../../../Engine/Content/EditorResources/BSPVertex.uasset" 144
"../../../Engine/Content/EditorResources/EmptyActor.uasset" 145
"../../../Engine/Content/EditorResources/S_Actor.uasset" 146
"../../../Engine/Content/EditorResources/S_Trigger.uasset" 147
"../../../Engine/Content/EditorResources/LightIcons/S_LightError.uasset" 148
"../../../Engine/Content/EditorResources/SequenceRecorder/Countdown.uasset" 149
"../../../Engine/Content/EditorResources/SequenceRecorder/RecordingIndicator.uasset" 150
"../../../Engine/Content/EditorSounds/Notifications/CompileFailed.uasset" 151
"../../../Engine/Content/EditorSounds/Notifications/CompileFailed_Cue.uasset" 152
"../../../Engine/Content/EditorSounds/Notifications/CompileSuccess.uasset" 153
"../../../Engine/Content/EditorSounds/Notifications/CompileStart_Cue.uasset" 154
"../../../Engine/Content/EditorSounds/Notifications/CompileSuccess_Cue.uasset" 155
"../../../Engine/Content/EngineDamageTypes/DmgTypeBP_Environmental.uasset" 156
"../../../Engine/Content/EngineDebugMaterials/HeatmapGradient.uasset" 157
"../../../Engine/Content/EngineDebugMaterials/BoneWeightMaterial.uasset" 158
"../../../Engine/Content/EngineDebugMaterials/ClothMaterial.uasset" 159
"../../../Engine/Content/EngineDebugMaterials/ClothMaterial_WF.uasset" 160
"../../../Engine/Content/EngineDebugMaterials/DebugEditorMaterial.uasset" 161
"../../../Engine/Content/EngineDebugMaterials/DebugMeshMaterial.uasset" 162
"../../../Engine/Content/EngineDebugMaterials/GeomMaterial.uasset" 163
"../../../Engine/Content/EngineDebugMaterials/M_SimpleTranslucent.uasset" 164
"../../../Engine/Content/EngineFonts/Faces/RobotoBold.uasset" 165
"../../../Engine/Content/EngineFonts/Faces/RobotoBoldItalic.uasset" 166
"../../../Engine/Content/EngineFonts/Faces/RobotoItalic.uasset" 167
"../../../Engine/Content/EngineFonts/Faces/RobotoLight.uasset" 168
"../../../Engine/Content/EngineFonts/Faces/RobotoRegular.uasset" 169
"../../../Engine/Content/EngineFonts/Roboto.uasset" 170
"../../../Engine/Content/EngineFonts/Faces/RobotoTiny.uasset" 171
"../../../Engine/Content/EngineFonts/RobotoTiny.uasset" 172
"../../../Engine/Content/EngineMaterials/BaseFlattenDiffuseMap.uasset" 173
"../../../Engine/Content/EngineMaterials/BaseFlattenEmissiveMap.uasset" 174
"../../../Engine/Content/EngineMaterials/BaseFlattenGrayscaleMap.uasset" 175
"../../../Engine/Content/EngineMaterials/BaseFlattenNormalMap.uasset" 176
"../../../Engine/Content/EngineMaterials/BaseFlattenMaterial.uasset" 177
"../../../Engine/Content/EngineMaterials/DefaultBloomKernel.uasset" 178
"../../../Engine/Content/EngineMaterials/DefaultBokeh.uasset" 179
"../../../Engine/Content/EngineMaterials/DefaultDiffuse.uasset" 180
"../../../Engine/Content/EngineMaterials/DefaultDeferredDecalMaterial.uasset" 181
"../../../Engine/Content/EngineMaterials/DefaultLightFunctionMaterial.uasset" 182
"../../../Engine/Content/EngineMaterials/DefaultPhysicalMaterial.uasset" 183
"../../../Engine/Content/Functions/Engine_MaterialFunctions02/Utility/BreakOutFloat2Components.uasset" 184
"../../../Engine/Content/EngineMaterials/DefaultPostProcessMaterial.uasset" 185
"../../../Engine/Content/EngineFonts/RobotoDistanceField.uasset" 186
"../../../Engine/Content/EngineMaterials/DefaultTextMaterialOpaque.uasset" 187
"../../../Engine/Content/EngineMaterials/DefaultWhiteGrid.uasset" 188
"../../../Engine/Content/EngineMaterials/EditorBrushMaterial.uasset" 189
"../../../Engine/Content/EngineMaterials/Good64x64TilingNoiseHighFreq.uasset" 190
"../../../Engine/Content/EngineMaterials/MiniFont.uasset" 191
"../../../Engine/Content/EngineMaterials/InvalidLightmapSettings.uasset" 192
"../../../Engine/Content/EngineMaterials/M_InvalidLightmapSettings.uasset" 193
"../../../Engine/Content/Functions/Engine_MaterialFunctions02/WorldPositionOffset/CameraOffset.uasset" 194
"../../../Engine/Content/EngineMaterials/PhAT_JointLimitMaterial.uasset" 195
"../../../Engine/Content/EngineMaterials/PreintegratedSkinBRDF.uasset" 196
"../../../Engine/Content/EngineMaterials/RemoveSurfaceMaterial.uasset" 197
"../../../Engine/Content/EngineMaterials/WeightMapPlaceholderTexture.uasset" 198
"../../../Engine/Content/EngineResources/WhiteSquareTexture.uasset" 199
"../../../Engine/Content/EngineMaterials/Widget3DPassThrough.uasset" 200
"../../../Engine/Content/EngineMaterials/Widget3DPassThrough_Masked.uasset" 201
"../../../Engine/Content/EngineMaterials/Widget3DPassThrough_Opaque.uasset" 202
"../../../Engine/Content/EngineMaterials/Widget3DPassThrough_Masked_OneSided.uasset" 203
"../../../Engine/Content/EngineMaterials/Widget3DPassThrough_Opaque_OneSided.uasset" 204
"../../../Engine/Content/EngineMaterials/Widget3DPassThrough_Translucent.uasset" 205
"../../../Engine/Content/EngineMaterials/Widget3DPassThrough_Translucent_OneSided.uasset" 206
"../../../Engine/Content/EngineMeshes/Cylinder.uasset" 207
"../../../Engine/Content/EngineMeshes/Sphere.uasset" 208
"../../../Engine/Content/EngineResources/Black.uasset" 209
"../../../Engine/Content/EngineResources/DefaultTexture.uasset" 210
"../../../Engine/Content/EngineResources/DefaultTextureCube.uasset" 211
"../../../Engine/Content/EngineResources/DefaultVolumeTexture2D.uasset" 212
"../../../Engine/Content/EngineResources/DefaultVolumeTexture.uasset" 213
"../../../Engine/Content/EngineResources/GradientTexture0.uasset" 214
"../../../Engine/Content/EngineSounds/Master.uasset" 215
"../../../Engine/Content/Functions/Engine_MaterialFunctions01/Shading/ConvertFromDiffSpec.uasset" 216
"../../../Engine/Content/Functions/Engine_MaterialFunctions01/Shading/PowerToRoughness.uasset" 217
"../../../Engine/Content/Maps/Templates/Thumbnails/Default.uasset" 218
"../../../Engine/Content/Maps/Templates/Thumbnails/VR-Basic.uasset" 219
"../../../Engine/Content/MobileResources/T_MobileControls_texture.uasset" 220
"../../../Engine/Content/MobileResources/T_MobileMenu2.uasset" 221
"../../../Engine/Content/MobileResources/HUD/AnalogHat.uasset" 222
"../../../Engine/Content/MobileResources/HUD/VirtualJoystick_Background.uasset" 223
"../../../Engine/Content/MobileResources/HUD/VirtualJoystick_Thumb.uasset" 224
"../../../Engine/Content/MobileResources/HUD/DefaultVirtualJoysticks.uasset" 225
"../../../Engine/Content/MobileResources/HUD/LeftVirtualJoystickOnly.uasset" 226
"../../../Engine/Content/MobileResources/HUD/MobileHUDButton1_off.uasset" 227
"../../../Engine/Content/MobileResources/HUD/MobileHUDButton1_on.uasset" 228
"../../../Engine/Content/MobileResources/HUD/MobileHUDButton2_off.uasset" 229
"../../../Engine/Content/MobileResources/HUD/MobileHUDButton2_on.uasset" 230
"../../../Engine/Content/MobileResources/HUD/MobileHUDButton3.uasset" 231
"../../../Engine/Content/MobileResources/HUD/MobileHUDButtonFire.uasset" 232
"../../../Engine/Content/MobileResources/HUD/MobileHUDDirectionPad.uasset" 233
"../../../Engine/Content/MobileResources/HUD/MobileHUDDirectionPad2.uasset" 234
"../../../Engine/Content/MobileResources/HUD/MobileHUDDirectionPad3.uasset" 235
"../../../Engine/Content/MobileResources/HUD/MobileHUDDirectionStick.uasset" 236
"../../../Engine/Content/MobileResources/HUD/T_Castle_ThumbstickInner.uasset" 237
"../../../Engine/Content/MobileResources/HUD/T_Castle_ThumbstickOutter.uasset" 238
"../../../Engine/Content/Tutorial/ContentIntroCurve.uasset" 239
"../../../Engine/Content/Tutorial/Basics/TutorialAssets/icon_tab_Levels_40x.uasset" 240
"../../../Engine/Content/Tutorial/SubEditors/TutorialAssets/TutorialMaterial.uasset" 241
"../../../Engine/Content/VREditor/LaserPointer/VR_LaserPower_01.uasset" 242
"../../../Engine/Content/VREditor/TransformGizmo/TransformGizmoMaterial.uasset" 243
"../../../Engine/Content/VREditor/TransformGizmo/TranslucentTransformGizmoMaterial.uasset" 244
"../../../Engine/Content/VREditor/TransformGizmo/BoundingBoxCorner.uasset" 245
"../../../Engine/Content/VREditor/TransformGizmo/BoundingBoxEdge.uasset" 246
"../../../Engine/Content/VREditor/TransformGizmo/PlaneTranslationHandle.uasset" 247
"../../../Engine/Content/VREditor/TransformGizmo/Main.uasset" 248
"../../../Engine/Content/VREditor/TransformGizmo/Xray.uasset" 249
"../../../Engine/Content/VREditor/TransformGizmo/SM_Sequencer_Key.uasset" 250
"../../../Engine/Content/VREditor/TransformGizmo/SM_Sequencer_Node.uasset" 251
"../../Plugins/2D/Paper2D/Content/PlaceholderTextures/DummySpriteTexture.uasset" 252
"../../Plugins/2D/Paper2D/Content/DummySprite.uasset" 253
"../../Plugins/2D/Paper2D/Content/DefaultPaperTerrainMaterial.uasset" 254
"../../Plugins/2D/Paper2D/Content/DefaultSpriteMaterial.uasset" 255
"../../Plugins/2D/Paper2D/Content/MaskedUnlitSpriteMaterial.uasset" 256
"../../Plugins/2D/Paper2D/Content/OpaqueUnlitSpriteMaterial.uasset" 257
"../../../Engine/Content/EditorBlueprintResources/StandardMacros.uasset" 258
"../../../../../../Users/Kristoffer/Documents/Unreal Projects/Meshworld/Content/Assets/Player/PlayerCharacter/Meshes/char_run_anim_Skeleton.uasset" 259
"../../../../../../Users/Kristoffer/Documents/Unreal Projects/Meshworld/Content/Assets/Player/PlayerCharacter/Animations/char_run_anim_Anim.uasset" 260
"../../../../../../Users/Kristoffer/Documents/Unreal Projects/Meshworld/Content/Assets/Player/PlayerCharacter/Animations/Character_BS.uasset" 261
"../../../../../../Users/Kristoffer/Documents/Unreal Projects/Meshworld/Content/Assets/Player/PlayerCharacter/Animations/Character_AnimBP.uasset" 262
"../../../../../../Users/Kristoffer/Documents/Unreal Projects/Meshworld/Content/Player/SwordMat.uasset" 263
"../../../../../../Users/Kristoffer/Documents/Unreal Projects/Meshworld/Content/Player/SwordMat_Inst.uasset" 264
"../../../../../../Users/Kristoffer/Documents/Unreal Projects/Meshworld/Content/Spawnables/Collectibles/BP_CollectiblePage.uasset" 265
"../../../../../../Users/Kristoffer/Documents/Unreal Projects/Meshworld/Content/Player/Sword.uasset" 266
"../../../../../../Users/Kristoffer/Documents/Unreal Projects/Meshworld/Content/Spawnables/Collectibles/BP_SwordPickup.uasset" 267
"../../../../../../Users/Kristoffer/Documents/Unreal Projects/Meshworld/Content/Spawnables/MySaveGame.uasset" 268
"../../../Engine/Content/BasicShapes/Sphere.uasset" 269
"../../../../../../Users/Kristoffer/Documents/Unreal Projects/Meshworld/Content/Spawnables/Units/Prototype/BP_EvilProjectile.uasset" 270
"../../../../../../Users/Kristoffer/Documents/Unreal Projects/Meshworld/Content/Assets/Player/PlayerCharacter/Materials/020_metal.uasset" 271
"../../../../../../Users/Kristoffer/Documents/Unreal Projects/Meshworld/Content/Assets/Misc/IngameWidget.uasset" 272
"../../../../../../Users/Kristoffer/Documents/Unreal Projects/Meshworld/Content/Assets/Misc/PauseMenuWidget.uasset" 273
"../../../../../../Users/Kristoffer/Documents/Unreal Projects/Meshworld/Content/Assets/Player/PlayerCharacter/Materials/001_-_brows_001.uasset" 274
"../../../../../../Users/Kristoffer/Documents/Unreal Projects/Meshworld/Content/Assets/Player/PlayerCharacter/Materials/001_-_eyewhite_001.uasset" 275
"../../../../../../Users/Kristoffer/Documents/Unreal Projects/Meshworld/Content/Assets/Player/PlayerCharacter/Materials/001_-_hair_001.uasset" 276
"../../../../../../Users/Kristoffer/Documents/Unreal Projects/Meshworld/Content/Assets/Player/PlayerCharacter/Materials/001_-_iris_001.uasset" 277
"../../../../../../Users/Kristoffer/Documents/Unreal Projects/Meshworld/Content/Assets/Player/PlayerCharacter/Materials/001_-_pants_001.uasset" 278
"../../../../../../Users/Kristoffer/Documents/Unreal Projects/Meshworld/Content/Assets/Player/PlayerCharacter/Materials/001_-_pupil.uasset" 279
"../../../../../../Users/Kristoffer/Documents/Unreal Projects/Meshworld/Content/Assets/Player/PlayerCharacter/Materials/001_-_red_leather_001.uasset" 280
"../../../../../../Users/Kristoffer/Documents/Unreal Projects/Meshworld/Content/Assets/Player/PlayerCharacter/Materials/001_-_shoes.uasset" 281
"../../../../../../Users/Kristoffer/Documents/Unreal Projects/Meshworld/Content/Assets/Player/PlayerCharacter/Materials/001_-_shoes_001.uasset" 282
"../../../../../../Users/Kristoffer/Documents/Unreal Projects/Meshworld/Content/Assets/Player/PlayerCharacter/Materials/001_-_skin_001.uasset" 283
"../../../../../../Users/Kristoffer/Documents/Unreal Projects/Meshworld/Content/Assets/Player/PlayerCharacter/Materials/001_-_tannkjott_001.uasset" 284
"../../../../../../Users/Kristoffer/Documents/Unreal Projects/Meshworld/Content/Assets/Player/PlayerCharacter/Materials/001_-_top_001.uasset" 285
"../../../../../../Users/Kristoffer/Documents/Unreal Projects/Meshworld/Content/Assets/Player/PlayerCharacter/Materials/020_Moss.uasset" 286
"../../../../../../Users/Kristoffer/Documents/Unreal Projects/Meshworld/Content/Assets/Player/PlayerCharacter/Materials/020_moss_ncl1_1.uasset" 287
"../../../../../../Users/Kristoffer/Documents/Unreal Projects/Meshworld/Content/Assets/Player/PlayerCharacter/Materials/021_-_cover_001.uasset" 288
"../../../../../../Users/Kristoffer/Documents/Unreal Projects/Meshworld/Content/Assets/Player/PlayerCharacter/Materials/021_-_pages_001.uasset" 289
"../../../../../../Users/Kristoffer/Documents/Unreal Projects/Meshworld/Content/Assets/Player/PlayerCharacter/Meshes/char_run_anim_PhysicsAsset.uasset" 290
"../../../../../../Users/Kristoffer/Documents/Unreal Projects/Meshworld/Content/Assets/Player/PlayerCharacter/Meshes/char_run_anim.uasset" 291
"../../../../../../Users/Kristoffer/Documents/Unreal Projects/Meshworld/Content/Player/BP_PlayerChar1.uasset" 292
"../../../../../../Users/Kristoffer/Documents/Unreal Projects/Meshworld/Content/Spawnables/Units/Prototype/StalkerAI/BP_AIController.uasset" 293
"../../../../../../Users/Kristoffer/Documents/Unreal Projects/Meshworld/Content/Spawnables/Units/Prototype/StalkerAI/EAIState.uasset" 294
"../../../../../../Users/Kristoffer/Documents/Unreal Projects/Meshworld/Content/Spawnables/Units/Prototype/StalkerAI/EnemyHealthUI.uasset" 295
"../../../../../../Users/Kristoffer/Documents/Unreal Projects/Meshworld/Content/Spawnables/Units/Prototype/StalkerAI/BP_EnemyCharStalker.uasset" 296
"../../../Engine/Content/EngineSky/C_Sky_Cloud_Color.uasset" 297
"../../../Engine/Content/EngineSky/C_Sky_Horizon_Color.uasset" 298
"../../../Engine/Content/EngineSky/C_Sky_Zenith_Color.uasset" 299
"../../../Engine/Content/EngineSky/T_Sky_Blue.uasset" 300
"../../../Engine/Content/EngineSky/T_Sky_Clouds_M.uasset" 301
"../../../Engine/Content/EngineSky/T_Sky_Stars.uasset" 302
"../../../Engine/Content/EngineSky/M_Sky_Panning_Clouds2.uasset" 303
"../../../Engine/Content/EngineSky/SM_SkySphere.uasset" 304
"../../../Engine/Content/EngineSky/BP_Sky_Sphere.uasset" 305
"../../../../../../Users/Kristoffer/Documents/Unreal Projects/Meshworld/Content/Assets/Misc/InGameHUD.uasset" 306
"../../../../../../Users/Kristoffer/Documents/Unreal Projects/Meshworld/Content/Assets/Scenes/Level_1_UpperWorld/Props/RotatingRotor.uasset" 307
"../../../../../../Users/Kristoffer/Documents/Unreal Projects/Meshworld/Content/Assets/Misc/MainMenuWidget.uasset" 308
"../../../../../../Users/Kristoffer/Documents/Unreal Projects/Meshworld/Content/Assets/Misc/MainMenuHUD.uasset" 309
"../../../../../../Users/Kristoffer/Documents/Unreal Projects/Meshworld/Content/BP_Gamemode.uasset" 310
"../../../../../../Users/Kristoffer/Documents/Unreal Projects/Meshworld/Content/Spawnables/Checkpoint.uasset" 311
"../../../../../../Users/Kristoffer/Documents/Unreal Projects/Meshworld/Content/Spawnables/KillBox.uasset" 312
"../../../../../../Users/Kristoffer/Documents/Unreal Projects/Meshworld/Content/Spawnables/LevelChange.uasset" 313
"../../../../../../Users/Kristoffer/Documents/Unreal Projects/Meshworld/Content/Spawnables/LevelMechanics/atlas_elektrisitet.uasset" 314
"../../../../../../Users/Kristoffer/Documents/Unreal Projects/Meshworld/Content/Spawnables/LevelMechanics/ElectricSparks_mat.uasset" 315
"../../../../../../Users/Kristoffer/Documents/Unreal Projects/Meshworld/Content/Spawnables/LevelMechanics/ElectricSparks_mat_Inst.uasset" 316
"../../../../../../Users/Kristoffer/Documents/Unreal Projects/Meshworld/Content/Spawnables/LevelMechanics/ElectricSparks.uasset" 317
"../../../../../../Users/Kristoffer/Documents/Unreal Projects/Meshworld/Content/Spawnables/Units/Prototype/MyBP_EnemyTurret.uasset" 318
"../../../../../../Users/Kristoffer/Documents/Unreal Projects/Meshworld/Content/Levels/Level_1_UpperWorld_BuiltData.uasset" 319
"../../../../../../Users/Kristoffer/Documents/Unreal Projects/Meshworld/Content/Assets/Scenes/Level_1_UpperWorld/Materials/tex/MetalGrid.uasset" 320
"../../../../../../Users/Kristoffer/Documents/Unreal Projects/Meshworld/Content/Assets/Scenes/Level_1_UpperWorld/Materials/MetalGrid.uasset" 321
"../../../../../../Users/Kristoffer/Documents/Unreal Projects/Meshworld/Content/Assets/Scenes/Level_1_UpperWorld/Materials/tex/SewagePipe_ao.uasset" 322
"../../../../../../Users/Kristoffer/Documents/Unreal Projects/Meshworld/Content/Assets/Scenes/Level_1_UpperWorld/Materials/tex/SewagePipe_color.uasset" 323
"../../../../../../Users/Kristoffer/Documents/Unreal Projects/Meshworld/Content/Assets/Scenes/Level_1_UpperWorld/Materials/SewagePipe.uasset" 324
"../../../../../../Users/Kristoffer/Documents/Unreal Projects/Meshworld/Content/Assets/Scenes/Level_1_UpperWorld/Materials/tex/SewagePipeBroken_color.uasset" 325
"../../../../../../Users/Kristoffer/Documents/Unreal Projects/Meshworld/Content/Assets/Scenes/Level_1_UpperWorld/Materials/SewagePipeBroken.uasset" 326
"../../../../../../Users/Kristoffer/Documents/Unreal Projects/Meshworld/Content/Assets/Scenes/Level_1_UpperWorld/Materials/tex/Chains_color.uasset" 327
"../../../../../../Users/Kristoffer/Documents/Unreal Projects/Meshworld/Content/Assets/Scenes/Level_1_UpperWorld/Materials/tex/Chains_normal.uasset" 328
"../../../../../../Users/Kristoffer/Documents/Unreal Projects/Meshworld/Content/Assets/Scenes/Level_1_UpperWorld/Materials/Chains.uasset" 329
"../../../../../../Users/Kristoffer/Documents/Unreal Projects/Meshworld/Content/Assets/Scenes/Level_1_UpperWorld/Materials/Chains_Inst.uasset" 330
"../../../../../../Users/Kristoffer/Documents/Unreal Projects/Meshworld/Content/Assets/Scenes/Level_1_UpperWorld/Materials/tex/Cables_normal.uasset" 331
"../../../../../../Users/Kristoffer/Documents/Unreal Projects/Meshworld/Content/Assets/Scenes/Level_1_UpperWorld/Materials/MachineRoomCables.uasset" 332
"../../../../../../Users/Kristoffer/Documents/Unreal Projects/Meshworld/Content/Assets/Scenes/Level_1_UpperWorld/Materials/MachineRoomCables_Inst.uasset" 333
"../../../../../../Users/Kristoffer/Documents/Unreal Projects/Meshworld/Content/Assets/Scenes/Level_1_UpperWorld/Materials/tex/CablesExposed_ao.uasset" 334
"../../../../../../Users/Kristoffer/Documents/Unreal Projects/Meshworld/Content/Assets/Scenes/Level_1_UpperWorld/Materials/tex/CablesExposed_color.uasset" 335
"../../../../../../Users/Kristoffer/Documents/Unreal Projects/Meshworld/Content/Assets/Scenes/Level_1_UpperWorld/Materials/tex/CablesExposed_normal.uasset" 336
"../../../../../../Users/Kristoffer/Documents/Unreal Projects/Meshworld/Content/Assets/Scenes/Level_1_UpperWorld/Materials/MachineRoomCablesBroken_Inst_2.uasset" 337
"../../../../../../Users/Kristoffer/Documents/Unreal Projects/Meshworld/Content/Assets/Scenes/Level_1_UpperWorld/Misc/Water_SwordRoom.uasset" 338
"../../../../../../Users/Kristoffer/Documents/Unreal Projects/Meshworld/Content/Assets/Scenes/Level_1_UpperWorld/Misc/Water_UpperWorld_instance.uasset" 339
"../../../Engine/Content/BasicShapes/Cylinder.uasset" 340
"../../../../../../Users/Kristoffer/Documents/Unreal Projects/Meshworld/Content/Assets/Scenes/Level_1_UpperWorld/Misc/StartingRoom_Water.uasset" 341
"../../../../../../Users/Kristoffer/Documents/Unreal Projects/Meshworld/Content/Assets/Scenes/Level_1_UpperWorld/Props/General/Materials/DiffuseMasked_mat.uasset" 342
"../../../../../../Users/Kristoffer/Documents/Unreal Projects/Meshworld/Content/Assets/Scenes/Level_1_UpperWorld/Props/General/Materials/LilyA_mat.uasset" 343
"../../../../../../Users/Kristoffer/Documents/Unreal Projects/Meshworld/Content/Assets/Scenes/Level_1_UpperWorld/Props/General/Lily_A.uasset" 344
"../../../../../../Users/Kristoffer/Documents/Unreal Projects/Meshworld/Content/Assets/Scenes/Level_1_UpperWorld/Props/General/Materials/Images/Lily_B.uasset" 345
"../../../../../../Users/Kristoffer/Documents/Unreal Projects/Meshworld/Content/Assets/Scenes/Level_1_UpperWorld/Props/General/Materials/LilyB_mat.uasset" 346
"../../../../../../Users/Kristoffer/Documents/Unreal Projects/Meshworld/Content/Assets/Scenes/Level_1_UpperWorld/Props/General/Lily_B.uasset" 347
"../../../../../../Users/Kristoffer/Documents/Unreal Projects/Meshworld/Content/Assets/Scenes/Level_1_UpperWorld/Props/General/Materials/Images/Lily_C.uasset" 348
"../../../../../../Users/Kristoffer/Documents/Unreal Projects/Meshworld/Content/Assets/Scenes/Level_1_UpperWorld/Props/General/Materials/LilyC_mat.uasset" 349
"../../../../../../Users/Kristoffer/Documents/Unreal Projects/Meshworld/Content/Assets/Scenes/Level_1_UpperWorld/Props/General/Lily_C.uasset" 350
"../../../../../../Users/Kristoffer/Documents/Unreal Projects/Meshworld/Content/Assets/Scenes/Level_1_UpperWorld/Rooms/BreakdownRoom.uasset" 351
"../../../../../../Users/Kristoffer/Documents/Unreal Projects/Meshworld/Content/Assets/Scenes/Level_1_UpperWorld/Rooms/ComputerRoom.uasset" 352
"../../../../../../Users/Kristoffer/Documents/Unreal Projects/Meshworld/Content/Assets/Scenes/Level_1_UpperWorld/Rooms/Extra/ComputerRoom_chains_ComputerRoom.uasset" 353
"../../../../../../Users/Kristoffer/Documents/Unreal Projects/Meshworld/Content/Assets/Scenes/Level_1_UpperWorld/Rooms/Extra/ComputerRoom_Ramp_ComputerRoom.uasset" 354
"../../../../../../Users/Kristoffer/Documents/Unreal Projects/Meshworld/Content/Assets/Scenes/Level_1_UpperWorld/Rooms/JumpingPlatforms.uasset" 355
"../../../../../../Users/Kristoffer/Documents/Unreal Projects/Meshworld/Content/Assets/Scenes/Level_1_UpperWorld/Rooms/PatrolRoom.uasset" 356
"../../../../../../Users/Kristoffer/Documents/Unreal Projects/Meshworld/Content/Assets/Scenes/Level_1_UpperWorld/Rooms/StartingPlatform.uasset" 357
"../../../../../../Users/Kristoffer/Documents/Unreal Projects/Meshworld/Content/Assets/Scenes/Level_1_UpperWorld/Rooms/SwordPickupRoom.uasset" 358
"../../../../../../Users/Kristoffer/Documents/Unreal Projects/Meshworld/Content/Assets/Scenes/Level_1_UpperWorld/Rooms/TurbineRoom.uasset" 359
"../../../../../../Users/Kristoffer/Documents/Unreal Projects/Meshworld/Content/Levels/Level_1_UpperWorld.umap" 360
"../../../../../../Users/Kristoffer/Documents/Unreal Projects/Meshworld/Content/Levels/Level_2_SinkingWorld_BuiltData.uasset" 361
"../../../../../../Users/Kristoffer/Documents/Unreal Projects/Meshworld/Content/Assets/Scenes/Level_2_SinkingWorld/Materials/ConcreteNew.uasset" 362
"../../../../../../Users/Kristoffer/Documents/Unreal Projects/Meshworld/Content/Assets/Scenes/Level_2_SinkingWorld/Materials/Textures/Light_Spots.uasset" 363
"../../../../../../Users/Kristoffer/Documents/Unreal Projects/Meshworld/Content/Assets/Scenes/Level_2_SinkingWorld/Materials/LightSpots.uasset" 364
"../../../../../../Users/Kristoffer/Documents/Unreal Projects/Meshworld/Content/Assets/Scenes/Level_2_SinkingWorld/Materials/Rails.uasset" 365
"../../../../../../Users/Kristoffer/Documents/Unreal Projects/Meshworld/Content/Assets/Scenes/Level_2_SinkingWorld/Materials/Textures/TrainTracks_color.uasset" 366
"../../../../../../Users/Kristoffer/Documents/Unreal Projects/Meshworld/Content/Assets/Scenes/Level_2_SinkingWorld/Materials/Textures/TrainTracks_mask.uasset" 367
"../../../../../../Users/Kristoffer/Documents/Unreal Projects/Meshworld/Content/Assets/Scenes/Level_2_SinkingWorld/Materials/Textures/TrainTracks_normal.uasset" 368
"../../../../../../Users/Kristoffer/Documents/Unreal Projects/Meshworld/Content/Assets/Scenes/Level_2_SinkingWorld/Materials/TrainTracks.uasset" 369
"../../../../../../Users/Kristoffer/Documents/Unreal Projects/Meshworld/Content/Assets/Scenes/Level_2_SinkingWorld/Materials/Textures/TilingTubes_diffuse.uasset" 370
"../../../../../../Users/Kristoffer/Documents/Unreal Projects/Meshworld/Content/Assets/Scenes/Level_2_SinkingWorld/Materials/Textures/TilingTubes_normal.uasset" 371
"../../../../../../Users/Kristoffer/Documents/Unreal Projects/Meshworld/Content/Assets/Scenes/Level_2_SinkingWorld/Materials/Textures/TilingTubes_roughness.uasset" 372
"../../../../../../Users/Kristoffer/Documents/Unreal Projects/Meshworld/Content/Assets/Scenes/Level_2_SinkingWorld/Materials/MetallicTexture.uasset" 373
"../../../../../../Users/Kristoffer/Documents/Unreal Projects/Meshworld/Content/Assets/Scenes/Level_2_SinkingWorld/Materials/SmallPipes.uasset" 374
"../../../../../../Users/Kristoffer/Documents/Unreal Projects/Meshworld/Content/Assets/Scenes/Level_2_SinkingWorld/Materials/Water_inst.uasset" 375
"../../../../../../Users/Kristoffer/Documents/Unreal Projects/Meshworld/Content/Assets/Scenes/Level_2_SinkingWorld/Materials/Textures/ScrollingWaterfall_normal.uasset" 376
"../../../../../../Users/Kristoffer/Documents/Unreal Projects/Meshworld/Content/Assets/Scenes/Level_2_SinkingWorld/Materials/Waterfall.uasset" 377
"../../../../../../Users/Kristoffer/Documents/Unreal Projects/Meshworld/Content/Assets/Scenes/Level_2_SinkingWorld/Materials/Waterfall_Inst.uasset" 378
"../../../../../../Users/Kristoffer/Documents/Unreal Projects/Meshworld/Content/Assets/Scenes/Level_2_SinkingWorld/SceneMeshes/CableJungle.uasset" 379
"../../../../../../Users/Kristoffer/Documents/Unreal Projects/Meshworld/Content/Assets/Scenes/Level_2_SinkingWorld/SceneMeshes/Platforms.uasset" 380
"../../../../../../Users/Kristoffer/Documents/Unreal Projects/Meshworld/Content/Assets/Scenes/Level_2_SinkingWorld/SceneMeshes/Concrete.uasset" 381
"../../../../../../Users/Kristoffer/Documents/Unreal Projects/Meshworld/Content/Assets/Scenes/Level_2_SinkingWorld/SceneMeshes/Steel.uasset" 382
"../../../../../../Users/Kristoffer/Documents/Unreal Projects/Meshworld/Content/Assets/Scenes/Level_2_SinkingWorld/SceneMeshes/Towers.uasset" 383
"../../../../../../Users/Kristoffer/Documents/Unreal Projects/Meshworld/Content/Assets/Scenes/Level_2_SinkingWorld/SceneMeshes/Water.uasset" 384
"../../../../../../Users/Kristoffer/Documents/Unreal Projects/Meshworld/Content/Levels/Level_2_SinkingWorld.umap" 385
"../../../../../../Users/Kristoffer/Documents/Unreal Projects/Meshworld/Content/Spawnables/LevelMechanics/SteamLid.uasset" 386
"../../../../../../Users/Kristoffer/Documents/Unreal Projects/Meshworld/Content/Assets/Scenes/Level_3_BossRoom/Room/BossRoom.uasset" 387
"../../../../../../Users/Kristoffer/Documents/Unreal Projects/Meshworld/Content/Levels/Level_3_Boss.umap" 388
"../../../../../../Users/Kristoffer/Documents/Unreal Projects/Meshworld/Content/Levels/MainMenU.umap" 389
"../../../../../../Users/Kristoffer/Documents/Unreal Projects/Meshworld/Content/Player/BP_Spawn_Chaser.uasset" 390
"../../../Engine/Content/BasicShapes/Plane.uasset" 391
"../../../Engine/Content/MapTemplates/SM_Template_Map_Floor.uasset" 392
"../../../../../../Users/Kristoffer/Documents/Unreal Projects/Meshworld/Content/Levels/Meshworld_prototype.umap" 393
"../../../Engine/Content/Maps/Entry_BuiltData.uasset" 394
"../../../Engine/Content/Maps/Entry.umap" 395
